# JRE version: Java(TM) SE Runtime Environment (8.0_181-b13) (build 1.8.0_181-b13)
# Java VM: Java HotSpot(TM) 64-Bit Server VM (25.181-b13 mixed mode windows-amd64 compressed oops)
Heap:
 PSYoungGen      total 27648K, used 25408K [0x00000000d6200000, 0x00000000d8080000, 0x0000000100000000)
  eden space 24064K, 93% used [0x00000000d6200000,0x00000000d77fd318,0x00000000d7980000)
  from space 3584K, 80% used [0x00000000d7d00000,0x00000000d7fd3030,0x00000000d8080000)
  to   space 3584K, 0% used [0x00000000d7980000,0x00000000d7980000,0x00000000d7d00000)
 ParOldGen       total 86016K, used 51468K [0x0000000082600000, 0x0000000087a00000, 0x00000000d6200000)
  object space 86016K, 59% used [0x0000000082600000,0x0000000085843120,0x0000000087a00000)
 Metaspace       used 10607K, capacity 10856K, committed 11008K, reserved 1058816K
  class space    used 1150K, capacity 1226K, committed 1280K, reserved 1048576K
GC Heap History (10 events):
Event: 97.767 GC heap before
{Heap before GC invocations=144 (full 0):
 PSYoungGen      total 27648K, used 26856K [0x00000000d6200000, 0x00000000d8080000, 0x0000000100000000)
  eden space 24064K, 99% used [0x00000000d6200000,0x00000000d795f040,0x00000000d7980000)
  from space 3584K, 81% used [0x00000000d7980000,0x00000000d7c5b030,0x00000000d7d00000)
  to   space 3584K, 0% used [0x00000000d7d00000,0x00000000d7d00000,0x00000000d8080000)
 ParOldGen       total 86016K, used 51332K [0x0000000082600000, 0x0000000087a00000, 0x00000000d6200000)
  object space 86016K, 59% used [0x0000000082600000,0x0000000085821120,0x0000000087a00000)
 Metaspace       used 10607K, capacity 10856K, committed 11008K, reserved 1058816K
  class space    used 1150K, capacity 1226K, committed 1280K, reserved 1048576K
Event: 97.768 GC heap after
Heap after GC invocations=144 (full 0):
 PSYoungGen      total 27648K, used 2924K [0x00000000d6200000, 0x00000000d8080000, 0x0000000100000000)
  eden space 24064K, 0% used [0x00000000d6200000,0x00000000d6200000,0x00000000d7980000)
  from space 3584K, 81% used [0x00000000d7d00000,0x00000000d7fdb030,0x00000000d8080000)
  to   space 3584K, 0% used [0x00000000d7980000,0x00000000d7980000,0x00000000d7d00000)
 ParOldGen       total 86016K, used 51356K [0x0000000082600000, 0x0000000087a00000, 0x00000000d6200000)
  object space 86016K, 59% used [0x0000000082600000,0x0000000085827120,0x0000000087a00000)
 Metaspace       used 10607K, capacity 10856K, committed 11008K, reserved 1058816K
  class space    used 1150K, capacity 1226K, committed 1280K, reserved 1048576K
}
Event: 98.450 GC heap before
{Heap before GC invocations=145 (full 0):
 PSYoungGen      total 27648K, used 26880K [0x00000000d6200000, 0x00000000d8080000, 0x0000000100000000)
  eden space 24064K, 99% used [0x00000000d6200000,0x00000000d7965178,0x00000000d7980000)
  from space 3584K, 81% used [0x00000000d7d00000,0x00000000d7fdb030,0x00000000d8080000)
  to   space 3584K, 0% used [0x00000000d7980000,0x00000000d7980000,0x00000000d7d00000)
 ParOldGen       total 86016K, used 51356K [0x0000000082600000, 0x0000000087a00000, 0x00000000d6200000)
  object space 86016K, 59% used [0x0000000082600000,0x0000000085827120,0x0000000087a00000)
 Metaspace       used 10607K, capacity 10856K, committed 11008K, reserved 1058816K
  class space    used 1150K, capacity 1226K, committed 1280K, reserved 1048576K
Event: 98.451 GC heap after
Heap after GC invocations=145 (full 0):
 PSYoungGen      total 27648K, used 2924K [0x00000000d6200000, 0x00000000d8080000, 0x0000000100000000)
  eden space 24064K, 0% used [0x00000000d6200000,0x00000000d6200000,0x00000000d7980000)
  from space 3584K, 81% used [0x00000000d7980000,0x00000000d7c5b030,0x00000000d7d00000)
  to   space 3584K, 0% used [0x00000000d7d00000,0x00000000d7d00000,0x00000000d8080000)
 ParOldGen       total 86016K, used 51380K [0x0000000082600000, 0x0000000087a00000, 0x00000000d6200000)
  object space 86016K, 59% used [0x0000000082600000,0x000000008582d120,0x0000000087a00000)
 Metaspace       used 10607K, capacity 10856K, committed 11008K, reserved 1058816K
  class space    used 1150K, capacity 1226K, committed 1280K, reserved 1048576K
}
Event: 99.140 GC heap before
{Heap before GC invocations=146 (full 0):
 PSYoungGen      total 27648K, used 26860K [0x00000000d6200000, 0x00000000d8080000, 0x0000000100000000)
  eden space 24064K, 99% used [0x00000000d6200000,0x00000000d7960368,0x00000000d7980000)
  from space 3584K, 81% used [0x00000000d7980000,0x00000000d7c5b030,0x00000000d7d00000)
  to   space 3584K, 0% used [0x00000000d7d00000,0x00000000d7d00000,0x00000000d8080000)
 ParOldGen       total 86016K, used 51380K [0x0000000082600000, 0x0000000087a00000, 0x00000000d6200000)
  object space 86016K, 59% used [0x0000000082600000,0x000000008582d120,0x0000000087a00000)
 Metaspace       used 10607K, capacity 10856K, committed 11008K, reserved 1058816K
  class space    used 1150K, capacity 1226K, committed 1280K, reserved 1048576K
Event: 99.141 GC heap after
Heap after GC invocations=146 (full 0):
 PSYoungGen      total 27648K, used 2892K [0x00000000d6200000, 0x00000000d8080000, 0x0000000100000000)
  eden space 24064K, 0% used [0x00000000d6200000,0x00000000d6200000,0x00000000d7980000)
  from space 3584K, 80% used [0x00000000d7d00000,0x00000000d7fd3030,0x00000000d8080000)
  to   space 3584K, 0% used [0x00000000d7980000,0x00000000d7980000,0x00000000d7d00000)
 ParOldGen       total 86016K, used 51404K [0x0000000082600000, 0x0000000087a00000, 0x00000000d6200000)
  object space 86016K, 59% used [0x0000000082600000,0x0000000085833120,0x0000000087a00000)
 Metaspace       used 10607K, capacity 10856K, committed 11008K, reserved 1058816K
  class space    used 1150K, capacity 1226K, committed 1280K, reserved 1048576K
}
Event: 99.830 GC heap before
{Heap before GC invocations=147 (full 0):
 PSYoungGen      total 27648K, used 26823K [0x00000000d6200000, 0x00000000d8080000, 0x0000000100000000)
  eden space 24064K, 99% used [0x00000000d6200000,0x00000000d795ef88,0x00000000d7980000)
  from space 3584K, 80% used [0x00000000d7d00000,0x00000000d7fd3030,0x00000000d8080000)
  to   space 3584K, 0% used [0x00000000d7980000,0x00000000d7980000,0x00000000d7d00000)
 ParOldGen       total 86016K, used 51404K [0x0000000082600000, 0x0000000087a00000, 0x00000000d6200000)
  object space 86016K, 59% used [0x0000000082600000,0x0000000085833120,0x0000000087a00000)
 Metaspace       used 10607K, capacity 10856K, committed 11008K, reserved 1058816K
  class space    used 1150K, capacity 1226K, committed 1280K, reserved 1048576K
Event: 99.831 GC heap after
Heap after GC invocations=147 (full 0):
 PSYoungGen      total 27648K, used 2892K [0x00000000d6200000, 0x00000000d8080000, 0x0000000100000000)
  eden space 24064K, 0% used [0x00000000d6200000,0x00000000d6200000,0x00000000d7980000)
  from space 3584K, 80% used [0x00000000d7980000,0x00000000d7c53030,0x00000000d7d00000)
  to   space 3584K, 0% used [0x00000000d7d00000,0x00000000d7d00000,0x00000000d8080000)
 ParOldGen       total 86016K, used 51436K [0x0000000082600000, 0x0000000087a00000, 0x00000000d6200000)
  object space 86016K, 59% used [0x0000000082600000,0x000000008583b120,0x0000000087a00000)
 Metaspace       used 10607K, capacity 10856K, committed 11008K, reserved 1058816K
  class space    used 1150K, capacity 1226K, committed 1280K, reserved 1048576K
}
Event: 100.546 GC heap before
{Heap before GC invocations=148 (full 0):
 PSYoungGen      total 27648K, used 26823K [0x00000000d6200000, 0x00000000d8080000, 0x0000000100000000)
  eden space 24064K, 99% used [0x00000000d6200000,0x00000000d795efa8,0x00000000d7980000)
  from space 3584K, 80% used [0x00000000d7980000,0x00000000d7c53030,0x00000000d7d00000)
  to   space 3584K, 0% used [0x00000000d7d00000,0x00000000d7d00000,0x00000000d8080000)
 ParOldGen       total 86016K, used 51436K [0x0000000082600000, 0x0000000087a00000, 0x00000000d6200000)
  object space 86016K, 59% used [0x0000000082600000,0x000000008583b120,0x0000000087a00000)
 Metaspace       used 10607K, capacity 10856K, committed 11008K, reserved 1058816K
  class space    used 1150K, capacity 1226K, committed 1280K, reserved 1048576K
Event: 100.547 GC heap after
Heap after GC invocations=148 (full 0):
 PSYoungGen      total 27648K, used 2892K [0x00000000d6200000, 0x00000000d8080000, 0x0000000100000000)
  eden space 24064K, 0% used [0x00000000d6200000,0x00000000d6200000,0x00000000d7980000)
  from space 3584K, 80% used [0x00000000d7d00000,0x00000000d7fd3030,0x00000000d8080000)
  to   space 3584K, 0% used [0x00000000d7980000,0x00000000d7980000,0x00000000d7d00000)
 ParOldGen       total 86016K, used 51468K [0x0000000082600000, 0x0000000087a00000, 0x00000000d6200000)
  object space 86016K, 59% used [0x0000000082600000,0x0000000085843120,0x0000000087a00000)
 Metaspace       used 10607K, capacity 10856K, committed 11008K, reserved 1058816K
  class space    used 1150K, capacity 1226K, committed 1280K, reserved 1048576K
}

