# JRE version: Java(TM) SE Runtime Environment (8.0_181-b13) (build 1.8.0_181-b13)
# Java VM: Java HotSpot(TM) 64-Bit Server VM (25.181-b13 mixed mode windows-amd64 compressed oops)
Heap:
 PSYoungGen      total 27136K, used 10798K [0x00000000d6200000, 0x00000000d8480000, 0x0000000100000000)
  eden space 24064K, 32% used [0x00000000d6200000,0x00000000d69b8928,0x00000000d7980000)
  from space 3072K, 94% used [0x00000000d7980000,0x00000000d7c53030,0x00000000d7c80000)
  to   space 5632K, 0% used [0x00000000d7f00000,0x00000000d7f00000,0x00000000d8480000)
 ParOldGen       total 86016K, used 32170K [0x0000000082600000, 0x0000000087a00000, 0x00000000d6200000)
  object space 86016K, 37% used [0x0000000082600000,0x000000008456a850,0x0000000087a00000)
 Metaspace       used 10565K, capacity 10788K, committed 11008K, reserved 1058816K
  class space    used 1154K, capacity 1226K, committed 1280K, reserved 1048576K
GC Heap History (10 events):
Event: 22.015 GC heap before
{Heap before GC invocations=31 (full 0):
 PSYoungGen      total 30720K, used 26793K [0x00000000d6200000, 0x00000000d8680000, 0x0000000100000000)
  eden space 24064K, 99% used [0x00000000d6200000,0x00000000d795f638,0x00000000d7980000)
  from space 6656K, 42% used [0x00000000d8000000,0x00000000d82cb030,0x00000000d8680000)
  to   space 6656K, 0% used [0x00000000d7980000,0x00000000d7980000,0x00000000d8000000)
 ParOldGen       total 86016K, used 32002K [0x0000000082600000, 0x0000000087a00000, 0x00000000d6200000)
  object space 86016K, 37% used [0x0000000082600000,0x0000000084540850,0x0000000087a00000)
 Metaspace       used 10506K, capacity 10788K, committed 11008K, reserved 1058816K
  class space    used 1149K, capacity 1226K, committed 1280K, reserved 1048576K
Event: 22.016 GC heap after
Heap after GC invocations=31 (full 0):
 PSYoungGen      total 27136K, used 2924K [0x00000000d6200000, 0x00000000d8580000, 0x0000000100000000)
  eden space 24064K, 0% used [0x00000000d6200000,0x00000000d6200000,0x00000000d7980000)
  from space 3072K, 95% used [0x00000000d7980000,0x00000000d7c5b030,0x00000000d7c80000)
  to   space 6144K, 0% used [0x00000000d7f80000,0x00000000d7f80000,0x00000000d8580000)
 ParOldGen       total 86016K, used 32026K [0x0000000082600000, 0x0000000087a00000, 0x00000000d6200000)
  object space 86016K, 37% used [0x0000000082600000,0x0000000084546850,0x0000000087a00000)
 Metaspace       used 10506K, capacity 10788K, committed 11008K, reserved 1058816K
  class space    used 1149K, capacity 1226K, committed 1280K, reserved 1048576K
}
Event: 22.619 GC heap before
{Heap before GC invocations=32 (full 0):
 PSYoungGen      total 27136K, used 26857K [0x00000000d6200000, 0x00000000d8580000, 0x0000000100000000)
  eden space 24064K, 99% used [0x00000000d6200000,0x00000000d795f7a8,0x00000000d7980000)
  from space 3072K, 95% used [0x00000000d7980000,0x00000000d7c5b030,0x00000000d7c80000)
  to   space 6144K, 0% used [0x00000000d7f80000,0x00000000d7f80000,0x00000000d8580000)
 ParOldGen       total 86016K, used 32026K [0x0000000082600000, 0x0000000087a00000, 0x00000000d6200000)
  object space 86016K, 37% used [0x0000000082600000,0x0000000084546850,0x0000000087a00000)
 Metaspace       used 10506K, capacity 10788K, committed 11008K, reserved 1058816K
  class space    used 1149K, capacity 1226K, committed 1280K, reserved 1048576K
Event: 22.620 GC heap after
Heap after GC invocations=32 (full 0):
 PSYoungGen      total 30208K, used 2860K [0x00000000d6200000, 0x00000000d8580000, 0x0000000100000000)
  eden space 24064K, 0% used [0x00000000d6200000,0x00000000d6200000,0x00000000d7980000)
  from space 6144K, 46% used [0x00000000d7f80000,0x00000000d824b030,0x00000000d8580000)
  to   space 6144K, 0% used [0x00000000d7980000,0x00000000d7980000,0x00000000d7f80000)
 ParOldGen       total 86016K, used 32034K [0x0000000082600000, 0x0000000087a00000, 0x00000000d6200000)
  object space 86016K, 37% used [0x0000000082600000,0x0000000084548850,0x0000000087a00000)
 Metaspace       used 10506K, capacity 10788K, committed 11008K, reserved 1058816K
  class space    used 1149K, capacity 1226K, committed 1280K, reserved 1048576K
}
Event: 23.154 GC heap before
{Heap before GC invocations=33 (full 0):
 PSYoungGen      total 30208K, used 26796K [0x00000000d6200000, 0x00000000d8580000, 0x0000000100000000)
  eden space 24064K, 99% used [0x00000000d6200000,0x00000000d7960368,0x00000000d7980000)
  from space 6144K, 46% used [0x00000000d7f80000,0x00000000d824b030,0x00000000d8580000)
  to   space 6144K, 0% used [0x00000000d7980000,0x00000000d7980000,0x00000000d7f80000)
 ParOldGen       total 86016K, used 32034K [0x0000000082600000, 0x0000000087a00000, 0x00000000d6200000)
  object space 86016K, 37% used [0x0000000082600000,0x0000000084548850,0x0000000087a00000)
 Metaspace       used 10515K, capacity 10788K, committed 11008K, reserved 1058816K
  class space    used 1149K, capacity 1226K, committed 1280K, reserved 1048576K
Event: 23.155 GC heap after
Heap after GC invocations=33 (full 0):
 PSYoungGen      total 30208K, used 2892K [0x00000000d6200000, 0x00000000d8580000, 0x0000000100000000)
  eden space 24064K, 0% used [0x00000000d6200000,0x00000000d6200000,0x00000000d7980000)
  from space 6144K, 47% used [0x00000000d7980000,0x00000000d7c53030,0x00000000d7f80000)
  to   space 6144K, 0% used [0x00000000d7f80000,0x00000000d7f80000,0x00000000d8580000)
 ParOldGen       total 86016K, used 32066K [0x0000000082600000, 0x0000000087a00000, 0x00000000d6200000)
  object space 86016K, 37% used [0x0000000082600000,0x0000000084550850,0x0000000087a00000)
 Metaspace       used 10515K, capacity 10788K, committed 11008K, reserved 1058816K
  class space    used 1149K, capacity 1226K, committed 1280K, reserved 1048576K
}
Event: 23.680 GC heap before
{Heap before GC invocations=34 (full 0):
 PSYoungGen      total 30208K, used 26107K [0x00000000d6200000, 0x00000000d8580000, 0x0000000100000000)
  eden space 24064K, 96% used [0x00000000d6200000,0x00000000d78abcf8,0x00000000d7980000)
  from space 6144K, 47% used [0x00000000d7980000,0x00000000d7c53030,0x00000000d7f80000)
  to   space 6144K, 0% used [0x00000000d7f80000,0x00000000d7f80000,0x00000000d8580000)
 ParOldGen       total 86016K, used 32066K [0x0000000082600000, 0x0000000087a00000, 0x00000000d6200000)
  object space 86016K, 37% used [0x0000000082600000,0x0000000084550850,0x0000000087a00000)
 Metaspace       used 10543K, capacity 10788K, committed 11008K, reserved 1058816K
  class space    used 1154K, capacity 1226K, committed 1280K, reserved 1048576K
Event: 23.681 GC heap after
Heap after GC invocations=34 (full 0):
 PSYoungGen      total 30208K, used 3888K [0x00000000d6200000, 0x00000000d8580000, 0x0000000100000000)
  eden space 24064K, 0% used [0x00000000d6200000,0x00000000d6200000,0x00000000d7980000)
  from space 6144K, 63% used [0x00000000d7f80000,0x00000000d834c040,0x00000000d8580000)
  to   space 6144K, 0% used [0x00000000d7980000,0x00000000d7980000,0x00000000d7f80000)
 ParOldGen       total 86016K, used 32098K [0x0000000082600000, 0x0000000087a00000, 0x00000000d6200000)
  object space 86016K, 37% used [0x0000000082600000,0x0000000084558850,0x0000000087a00000)
 Metaspace       used 10543K, capacity 10788K, committed 11008K, reserved 1058816K
  class space    used 1154K, capacity 1226K, committed 1280K, reserved 1048576K
}
Event: 24.707 GC heap before
{Heap before GC invocations=35 (full 0):
 PSYoungGen      total 30208K, used 27076K [0x00000000d6200000, 0x00000000d8580000, 0x0000000100000000)
  eden space 24064K, 96% used [0x00000000d6200000,0x00000000d78a5330,0x00000000d7980000)
  from space 6144K, 63% used [0x00000000d7f80000,0x00000000d834c040,0x00000000d8580000)
  to   space 6144K, 0% used [0x00000000d7980000,0x00000000d7980000,0x00000000d7f80000)
 ParOldGen       total 86016K, used 32098K [0x0000000082600000, 0x0000000087a00000, 0x00000000d6200000)
  object space 86016K, 37% used [0x0000000082600000,0x0000000084558850,0x0000000087a00000)
 Metaspace       used 10564K, capacity 10788K, committed 11008K, reserved 1058816K
  class space    used 1154K, capacity 1226K, committed 1280K, reserved 1048576K
Event: 24.709 GC heap after
Heap after GC invocations=35 (full 0):
 PSYoungGen      total 27136K, used 2892K [0x00000000d6200000, 0x00000000d8480000, 0x0000000100000000)
  eden space 24064K, 0% used [0x00000000d6200000,0x00000000d6200000,0x00000000d7980000)
  from space 3072K, 94% used [0x00000000d7980000,0x00000000d7c53030,0x00000000d7c80000)
  to   space 5632K, 0% used [0x00000000d7f00000,0x00000000d7f00000,0x00000000d8480000)
 ParOldGen       total 86016K, used 32170K [0x0000000082600000, 0x0000000087a00000, 0x00000000d6200000)
  object space 86016K, 37% used [0x0000000082600000,0x000000008456a850,0x0000000087a00000)
 Metaspace       used 10564K, capacity 10788K, committed 11008K, reserved 1058816K
  class space    used 1154K, capacity 1226K, committed 1280K, reserved 1048576K
}

