# JRE version: Java(TM) SE Runtime Environment (8.0_181-b13) (build 1.8.0_181-b13)
# Java VM: Java HotSpot(TM) 64-Bit Server VM (25.181-b13 mixed mode windows-amd64 compressed oops)
Heap:
 PSYoungGen      total 29184K, used 17269K [0x00000000d6200000, 0x00000000d9080000, 0x0000000100000000)
  eden space 25088K, 53% used [0x00000000d6200000,0x00000000d6f21478,0x00000000d7a80000)
  from space 4096K, 93% used [0x00000000d7b00000,0x00000000d7ebc040,0x00000000d7f00000)
  to   space 11264K, 0% used [0x00000000d8580000,0x00000000d8580000,0x00000000d9080000)
 ParOldGen       total 86016K, used 27832K [0x0000000082600000, 0x0000000087a00000, 0x00000000d6200000)
  object space 86016K, 32% used [0x0000000082600000,0x000000008412e180,0x0000000087a00000)
 Metaspace       used 10432K, capacity 10660K, committed 10752K, reserved 1058816K
  class space    used 1153K, capacity 1226K, committed 1280K, reserved 1048576K
GC Heap History (10 events):
Event: 13.381 GC heap before
{Heap before GC invocations=15 (full 0):
 PSYoungGen      total 40960K, used 29714K [0x00000000d6200000, 0x00000000d9800000, 0x0000000100000000)
  eden space 27648K, 96% used [0x00000000d6200000,0x00000000d7c219f0,0x00000000d7d00000)
  from space 13312K, 22% used [0x00000000d8b00000,0x00000000d8de3030,0x00000000d9800000)
  to   space 13824K, 0% used [0x00000000d7d00000,0x00000000d7d00000,0x00000000d8a80000)
 ParOldGen       total 86016K, used 27664K [0x0000000082600000, 0x0000000087a00000, 0x00000000d6200000)
  object space 86016K, 32% used [0x0000000082600000,0x0000000084104180,0x0000000087a00000)
 Metaspace       used 10326K, capacity 10596K, committed 10752K, reserved 1058816K
  class space    used 1149K, capacity 1226K, committed 1280K, reserved 1048576K
Event: 13.382 GC heap after
Heap after GC invocations=15 (full 0):
 PSYoungGen      total 31232K, used 3824K [0x00000000d6200000, 0x00000000d9680000, 0x0000000100000000)
  eden space 27136K, 0% used [0x00000000d6200000,0x00000000d6200000,0x00000000d7c80000)
  from space 4096K, 93% used [0x00000000d7d00000,0x00000000d80bc040,0x00000000d8100000)
  to   space 13312K, 0% used [0x00000000d8980000,0x00000000d8980000,0x00000000d9680000)
 ParOldGen       total 86016K, used 27688K [0x0000000082600000, 0x0000000087a00000, 0x00000000d6200000)
  object space 86016K, 32% used [0x0000000082600000,0x000000008410a180,0x0000000087a00000)
 Metaspace       used 10326K, capacity 10596K, committed 10752K, reserved 1058816K
  class space    used 1149K, capacity 1226K, committed 1280K, reserved 1048576K
}
Event: 14.084 GC heap before
{Heap before GC invocations=16 (full 0):
 PSYoungGen      total 31232K, used 30608K [0x00000000d6200000, 0x00000000d9680000, 0x0000000100000000)
  eden space 27136K, 98% used [0x00000000d6200000,0x00000000d7c280d8,0x00000000d7c80000)
  from space 4096K, 93% used [0x00000000d7d00000,0x00000000d80bc040,0x00000000d8100000)
  to   space 13312K, 0% used [0x00000000d8980000,0x00000000d8980000,0x00000000d9680000)
 ParOldGen       total 86016K, used 27688K [0x0000000082600000, 0x0000000087a00000, 0x00000000d6200000)
  object space 86016K, 32% used [0x0000000082600000,0x000000008410a180,0x0000000087a00000)
 Metaspace       used 10391K, capacity 10660K, committed 10752K, reserved 1058816K
  class space    used 1149K, capacity 1226K, committed 1280K, reserved 1048576K
Event: 14.085 GC heap after
Heap after GC invocations=16 (full 0):
 PSYoungGen      total 38400K, used 2956K [0x00000000d6200000, 0x00000000d9500000, 0x0000000100000000)
  eden space 26624K, 0% used [0x00000000d6200000,0x00000000d6200000,0x00000000d7c00000)
  from space 11776K, 25% used [0x00000000d8980000,0x00000000d8c63030,0x00000000d9500000)
  to   space 12800K, 0% used [0x00000000d7c00000,0x00000000d7c00000,0x00000000d8880000)
 ParOldGen       total 86016K, used 27712K [0x0000000082600000, 0x0000000087a00000, 0x00000000d6200000)
  object space 86016K, 32% used [0x0000000082600000,0x0000000084110180,0x0000000087a00000)
 Metaspace       used 10391K, capacity 10660K, committed 10752K, reserved 1058816K
  class space    used 1149K, capacity 1226K, committed 1280K, reserved 1048576K
}
Event: 14.669 GC heap before
{Heap before GC invocations=17 (full 0):
 PSYoungGen      total 38400K, used 28786K [0x00000000d6200000, 0x00000000d9500000, 0x0000000100000000)
  eden space 26624K, 97% used [0x00000000d6200000,0x00000000d7b399e0,0x00000000d7c00000)
  from space 11776K, 25% used [0x00000000d8980000,0x00000000d8c63030,0x00000000d9500000)
  to   space 12800K, 0% used [0x00000000d7c00000,0x00000000d7c00000,0x00000000d8880000)
 ParOldGen       total 86016K, used 27712K [0x0000000082600000, 0x0000000087a00000, 0x00000000d6200000)
  object space 86016K, 32% used [0x0000000082600000,0x0000000084110180,0x0000000087a00000)
 Metaspace       used 10401K, capacity 10660K, committed 10752K, reserved 1058816K
  class space    used 1149K, capacity 1226K, committed 1280K, reserved 1048576K
Event: 14.670 GC heap after
Heap after GC invocations=17 (full 0):
 PSYoungGen      total 29184K, used 2892K [0x00000000d6200000, 0x00000000d9380000, 0x0000000100000000)
  eden space 26112K, 0% used [0x00000000d6200000,0x00000000d6200000,0x00000000d7b80000)
  from space 3072K, 94% used [0x00000000d7c00000,0x00000000d7ed3030,0x00000000d7f00000)
  to   space 12288K, 0% used [0x00000000d8780000,0x00000000d8780000,0x00000000d9380000)
 ParOldGen       total 86016K, used 27760K [0x0000000082600000, 0x0000000087a00000, 0x00000000d6200000)
  object space 86016K, 32% used [0x0000000082600000,0x000000008411c180,0x0000000087a00000)
 Metaspace       used 10401K, capacity 10660K, committed 10752K, reserved 1058816K
  class space    used 1149K, capacity 1226K, committed 1280K, reserved 1048576K
}
Event: 15.257 GC heap before
{Heap before GC invocations=18 (full 0):
 PSYoungGen      total 29184K, used 28941K [0x00000000d6200000, 0x00000000d9380000, 0x0000000100000000)
  eden space 26112K, 99% used [0x00000000d6200000,0x00000000d7b703d8,0x00000000d7b80000)
  from space 3072K, 94% used [0x00000000d7c00000,0x00000000d7ed3030,0x00000000d7f00000)
  to   space 12288K, 0% used [0x00000000d8780000,0x00000000d8780000,0x00000000d9380000)
 ParOldGen       total 86016K, used 27760K [0x0000000082600000, 0x0000000087a00000, 0x00000000d6200000)
  object space 86016K, 32% used [0x0000000082600000,0x000000008411c180,0x0000000087a00000)
 Metaspace       used 10426K, capacity 10660K, committed 10752K, reserved 1058816K
  class space    used 1153K, capacity 1226K, committed 1280K, reserved 1048576K
Event: 15.258 GC heap after
Heap after GC invocations=18 (full 0):
 PSYoungGen      total 36352K, used 2860K [0x00000000d6200000, 0x00000000d9200000, 0x0000000100000000)
  eden space 25600K, 0% used [0x00000000d6200000,0x00000000d6200000,0x00000000d7b00000)
  from space 10752K, 26% used [0x00000000d8780000,0x00000000d8a4b030,0x00000000d9200000)
  to   space 11776K, 0% used [0x00000000d7b00000,0x00000000d7b00000,0x00000000d8680000)
 ParOldGen       total 86016K, used 27784K [0x0000000082600000, 0x0000000087a00000, 0x00000000d6200000)
  object space 86016K, 32% used [0x0000000082600000,0x0000000084122180,0x0000000087a00000)
 Metaspace       used 10426K, capacity 10660K, committed 10752K, reserved 1058816K
  class space    used 1153K, capacity 1226K, committed 1280K, reserved 1048576K
}
Event: 15.828 GC heap before
{Heap before GC invocations=19 (full 0):
 PSYoungGen      total 36352K, used 27725K [0x00000000d6200000, 0x00000000d9200000, 0x0000000100000000)
  eden space 25600K, 97% used [0x00000000d6200000,0x00000000d7a487c8,0x00000000d7b00000)
  from space 10752K, 26% used [0x00000000d8780000,0x00000000d8a4b030,0x00000000d9200000)
  to   space 11776K, 0% used [0x00000000d7b00000,0x00000000d7b00000,0x00000000d8680000)
 ParOldGen       total 86016K, used 27784K [0x0000000082600000, 0x0000000087a00000, 0x00000000d6200000)
  object space 86016K, 32% used [0x0000000082600000,0x0000000084122180,0x0000000087a00000)
 Metaspace       used 10432K, capacity 10660K, committed 10752K, reserved 1058816K
  class space    used 1153K, capacity 1226K, committed 1280K, reserved 1048576K
Event: 15.829 GC heap after
Heap after GC invocations=19 (full 0):
 PSYoungGen      total 29184K, used 3824K [0x00000000d6200000, 0x00000000d9080000, 0x0000000100000000)
  eden space 25088K, 0% used [0x00000000d6200000,0x00000000d6200000,0x00000000d7a80000)
  from space 4096K, 93% used [0x00000000d7b00000,0x00000000d7ebc040,0x00000000d7f00000)
  to   space 11264K, 0% used [0x00000000d8580000,0x00000000d8580000,0x00000000d9080000)
 ParOldGen       total 86016K, used 27832K [0x0000000082600000, 0x0000000087a00000, 0x00000000d6200000)
  object space 86016K, 32% used [0x0000000082600000,0x000000008412e180,0x0000000087a00000)
 Metaspace       used 10432K, capacity 10660K, committed 10752K, reserved 1058816K
  class space    used 1153K, capacity 1226K, committed 1280K, reserved 1048576K
}

